c:\users\stan9\source\repos\remake-final\remake final 0910\hellowworld\x64\debug\vc143.pdb
c:\users\stan9\source\repos\remake-final\remake final 0910\hellowworld\x64\debug\vc143.idb
c:\users\stan9\source\repos\remake-final\remake final 0910\hellowworld\x64\debug\day0915.obj
c:\users\stan9\source\repos\remake-final\remake final 0910\hellowworld\x64\debug\testmath.obj
c:\users\stan9\source\repos\remake-final\remake final 0910\hellowworld\x64\debug\practice_0905.obj
c:\users\stan9\source\repos\remake-final\remake final 0910\hellowworld\x64\debug\personal notes.obj
c:\users\stan9\source\repos\remake-final\remake final 0910\hellowworld\x64\debug\monster.obj
c:\users\stan9\source\repos\remake-final\remake final 0910\hellowworld\x64\debug\just only check.obj
c:\users\stan9\source\repos\remake-final\remake final 0910\hellowworld\x64\debug\hellowworld.obj
c:\users\stan9\source\repos\remake-final\remake final 0910\hellowworld\x64\debug\header.obj
c:\users\stan9\source\repos\remake-final\remake final 0910\hellowworld\x64\debug\hawk.obj
c:\users\stan9\source\repos\remake-final\remake final 0910\hellowworld\x64\debug\fuck.obj
c:\users\stan9\source\repos\remake-final\remake final 0910\hellowworld\x64\debug\day0917.obj
c:\users\stan9\source\repos\remake-final\remake final 0910\hellowworld\x64\debug\day0916.obj
c:\users\stan9\source\repos\remake-final\remake final 0910\hellowworld\x64\debug\day0911.obj
c:\users\stan9\source\repos\remake-final\remake final 0910\hellowworld\x64\debug\day0910.obj
c:\users\stan9\source\repos\remake-final\remake final 0910\hellowworld\x64\debug\day0909.obj
c:\users\stan9\source\repos\remake-final\remake final 0910\hellowworld\x64\debug\day0908.obj
c:\users\stan9\source\repos\remake-final\remake final 0910\hellowworld\x64\debug\day0912.obj
c:\users\stan9\source\repos\remake-final\remake final 0910\hellowworld\x64\debug\car.obj
c:\users\stan9\source\repos\remake-final\remake final 0910\hellowworld\x64\debug\blackjack.obj
c:\users\stan9\source\repos\remake-final\remake final 0910\hellowworld\x64\debug\animal.obj
c:\users\stan9\source\repos\remake-final\remake final 0910\hellowworld\x64\debug\주말과제.obj
c:\users\stan9\source\repos\remake-final\remake final 0910\hellowworld\x64\debug\이런느낌.obj
c:\users\stan9\source\repos\remake-final\remake final 0910\hellowworld\x64\debug\연습장.obj
c:\users\stan9\source\repos\remake-final\remake final 0910\hellowworld\x64\debug\tiger.obj
c:\users\stan9\source\repos\remake-final\remake final 0910\hellowworld\x64\debug\dog.obj
c:\users\stan9\source\repos\remake-final\remake final 0910\hellowworld\x64\debug\hellowworld.ilk
c:\users\stan9\source\repos\remake-final\remake final 0910\x64\debug\hellowworld.pdb
c:\users\stan9\source\repos\remake-final\remake final 0910\hellowworld\x64\debug\hellowworld.tlog\cl.command.1.tlog
c:\users\stan9\source\repos\remake-final\remake final 0910\hellowworld\x64\debug\hellowworld.tlog\cl.items.tlog
c:\users\stan9\source\repos\remake-final\remake final 0910\hellowworld\x64\debug\hellowworld.tlog\cl.read.1.tlog
c:\users\stan9\source\repos\remake-final\remake final 0910\hellowworld\x64\debug\hellowworld.tlog\cl.write.1.tlog
c:\users\stan9\source\repos\remake-final\remake final 0910\hellowworld\x64\debug\hellowworld.tlog\link-cvtres.read.1.tlog
c:\users\stan9\source\repos\remake-final\remake final 0910\hellowworld\x64\debug\hellowworld.tlog\link-cvtres.write.1.tlog
c:\users\stan9\source\repos\remake-final\remake final 0910\hellowworld\x64\debug\hellowworld.tlog\link-rc.read.1.tlog
c:\users\stan9\source\repos\remake-final\remake final 0910\hellowworld\x64\debug\hellowworld.tlog\link-rc.write.1.tlog
c:\users\stan9\source\repos\remake-final\remake final 0910\hellowworld\x64\debug\hellowworld.tlog\link.36044-cvtres.read.1.tlog
c:\users\stan9\source\repos\remake-final\remake final 0910\hellowworld\x64\debug\hellowworld.tlog\link.36044-cvtres.write.1.tlog
c:\users\stan9\source\repos\remake-final\remake final 0910\hellowworld\x64\debug\hellowworld.tlog\link.36044-rc.read.1.tlog
c:\users\stan9\source\repos\remake-final\remake final 0910\hellowworld\x64\debug\hellowworld.tlog\link.36044-rc.write.1.tlog
c:\users\stan9\source\repos\remake-final\remake final 0910\hellowworld\x64\debug\hellowworld.tlog\link.36044.read.1.tlog
c:\users\stan9\source\repos\remake-final\remake final 0910\hellowworld\x64\debug\hellowworld.tlog\link.36044.read.2.tlog
c:\users\stan9\source\repos\remake-final\remake final 0910\hellowworld\x64\debug\hellowworld.tlog\link.36044.read.3.tlog
c:\users\stan9\source\repos\remake-final\remake final 0910\hellowworld\x64\debug\hellowworld.tlog\link.36044.read.4.tlog
c:\users\stan9\source\repos\remake-final\remake final 0910\hellowworld\x64\debug\hellowworld.tlog\link.36044.read.5.tlog
c:\users\stan9\source\repos\remake-final\remake final 0910\hellowworld\x64\debug\hellowworld.tlog\link.36044.read.6.tlog
c:\users\stan9\source\repos\remake-final\remake final 0910\hellowworld\x64\debug\hellowworld.tlog\link.36044.write.1.tlog
c:\users\stan9\source\repos\remake-final\remake final 0910\hellowworld\x64\debug\hellowworld.tlog\link.command.1.tlog
c:\users\stan9\source\repos\remake-final\remake final 0910\hellowworld\x64\debug\hellowworld.tlog\link.read.1.tlog
c:\users\stan9\source\repos\remake-final\remake final 0910\hellowworld\x64\debug\hellowworld.tlog\link.read.2.tlog
c:\users\stan9\source\repos\remake-final\remake final 0910\hellowworld\x64\debug\hellowworld.tlog\link.read.3.tlog
c:\users\stan9\source\repos\remake-final\remake final 0910\hellowworld\x64\debug\hellowworld.tlog\link.read.4.tlog
c:\users\stan9\source\repos\remake-final\remake final 0910\hellowworld\x64\debug\hellowworld.tlog\link.read.5.tlog
c:\users\stan9\source\repos\remake-final\remake final 0910\hellowworld\x64\debug\hellowworld.tlog\link.read.6.tlog
c:\users\stan9\source\repos\remake-final\remake final 0910\hellowworld\x64\debug\hellowworld.tlog\link.secondary.1.tlog
c:\users\stan9\source\repos\remake-final\remake final 0910\hellowworld\x64\debug\hellowworld.tlog\link.write.1.tlog
