  Animal.cpp
C:\Users\KGA\source\repos\REMAKE-FINAL\REMAKE FINAL 0910\HellowWorld\Animal.h(26,10): error C2365: 'Animal::Move': 재정의: 이전 정의는 '데이터 멤버'입니다.
  (소스 파일 'Animal.cpp'을(를) 컴파일하는 중)
      C:\Users\KGA\source\repos\REMAKE-FINAL\REMAKE FINAL 0910\HellowWorld\Animal.h(9,8):
      'Animal::Move' 선언을 참조하십시오.
  
C:\Users\KGA\source\repos\REMAKE-FINAL\REMAKE FINAL 0910\HellowWorld\Animal.h(50,8): error C2086: 'float Animal::Energy': 재정의
  (소스 파일 'Animal.cpp'을(를) 컴파일하는 중)
  
C:\Users\KGA\source\repos\REMAKE-FINAL\REMAKE FINAL 0910\HellowWorld\Animal.cpp(15,14): error C2063: 'Animal::Move': 함수가 아닙니다.
C:\Users\KGA\source\repos\REMAKE-FINAL\REMAKE FINAL 0910\HellowWorld\Animal.cpp(51,8): error C2248: 'Animal::Move': private 멤버('Animal' 클래스에서 선언)에 액세스할 수 없습니다.
      C:\Users\KGA\source\repos\REMAKE-FINAL\REMAKE FINAL 0910\HellowWorld\Animal.h(9,8):
      'Animal::Move' 선언을 참조하십시오.
      C:\Users\KGA\source\repos\REMAKE-FINAL\REMAKE FINAL 0910\HellowWorld\Animal.h(4,7):
      'Animal' 선언을 참조하십시오.
  
C:\Users\KGA\source\repos\REMAKE-FINAL\REMAKE FINAL 0910\HellowWorld\Animal.cpp(51,8): error C2064: 항은 0개의 인수를 받아들이는 함수로 계산되지 않습니다.
  fuck.cpp
C:\Users\KGA\source\repos\REMAKE-FINAL\REMAKE FINAL 0910\HellowWorld\Animal.h(26,10): error C2365: 'Animal::Move': 재정의: 이전 정의는 '데이터 멤버'입니다.
  (소스 파일 'fuck.cpp'을(를) 컴파일하는 중)
      C:\Users\KGA\source\repos\REMAKE-FINAL\REMAKE FINAL 0910\HellowWorld\Animal.h(9,8):
      'Animal::Move' 선언을 참조하십시오.
  
C:\Users\KGA\source\repos\REMAKE-FINAL\REMAKE FINAL 0910\HellowWorld\Animal.h(50,8): error C2086: 'float Animal::Energy': 재정의
  (소스 파일 'fuck.cpp'을(를) 컴파일하는 중)
  
  HellowWorld.cpp
C:\Users\KGA\source\repos\REMAKE-FINAL\REMAKE FINAL 0910\HellowWorld\fuck.h(13,10): error C2665: 'Animal::Animal': 모든 인수 형식을 변환할 수 있는 오버로드된 함수가 없습니다.
  (소스 파일 'fuck.cpp'을(를) 컴파일하는 중)
      C:\Users\KGA\source\repos\REMAKE-FINAL\REMAKE FINAL 0910\HellowWorld\Animal.h(51,1):
      'Animal::Animal(const Animal &)'일 수 있습니다.
          C:\Users\KGA\source\repos\REMAKE-FINAL\REMAKE FINAL 0910\HellowWorld\fuck.h(13,10):
          'Animal::Animal(const Animal &)': 인수 1을(를) 'std::string'에서 'const Animal &'(으)로 변환할 수 없습니다.
              C:\Users\KGA\source\repos\REMAKE-FINAL\REMAKE FINAL 0910\HellowWorld\fuck.h(13,11):
              원인: 'std::string'에서 'const Animal'(으)로 변환할 수 없습니다.
              C:\Users\KGA\source\repos\REMAKE-FINAL\REMAKE FINAL 0910\HellowWorld\fuck.h(13,11):
              이 변환을 수행할 수 있는 사용 가능한 사용자 정의 변환 연산자가 없거나 연산자를 호출할 수 없습니다.
      C:\Users\KGA\source\repos\REMAKE-FINAL\REMAKE FINAL 0910\HellowWorld\Animal.h(23,5):
      또는       'Animal::Animal(const char *)'
          C:\Users\KGA\source\repos\REMAKE-FINAL\REMAKE FINAL 0910\HellowWorld\fuck.h(13,10):
          'Animal::Animal(const char *)': 인수 1을(를) 'std::string'에서 'const char *'(으)로 변환할 수 없습니다.
              C:\Users\KGA\source\repos\REMAKE-FINAL\REMAKE FINAL 0910\HellowWorld\fuck.h(13,11):
              이 변환을 수행할 수 있는 사용 가능한 사용자 정의 변환 연산자가 없거나 연산자를 호출할 수 없습니다.
      C:\Users\KGA\source\repos\REMAKE-FINAL\REMAKE FINAL 0910\HellowWorld\fuck.h(13,10):
      인수 목록 '(std::string)'을(를) 일치시키는 동안
  
C:\Users\KGA\source\repos\REMAKE-FINAL\REMAKE FINAL 0910\HellowWorld\Animal.h(26,10): error C2365: 'Animal::Move': 재정의: 이전 정의는 '데이터 멤버'입니다.
  (소스 파일 'HellowWorld.cpp'을(를) 컴파일하는 중)
      C:\Users\KGA\source\repos\REMAKE-FINAL\REMAKE FINAL 0910\HellowWorld\Animal.h(9,8):
      'Animal::Move' 선언을 참조하십시오.
  
C:\Users\KGA\source\repos\REMAKE-FINAL\REMAKE FINAL 0910\HellowWorld\Animal.h(50,8): error C2086: 'float Animal::Energy': 재정의
  (소스 파일 'HellowWorld.cpp'을(를) 컴파일하는 중)
  
C:\Users\KGA\source\repos\REMAKE-FINAL\REMAKE FINAL 0910\HellowWorld\HellowWorld.cpp(493,12): warning C4244: '인수': 'time_t'에서 'unsigned int'(으)로 변환하면서 데이터가 손실될 수 있습니다.
  WangGu.cpp
C:\Users\KGA\source\repos\REMAKE-FINAL\REMAKE FINAL 0910\HellowWorld\Animal.h(26,10): error C2365: 'Animal::Move': 재정의: 이전 정의는 '데이터 멤버'입니다.
  (소스 파일 'WangGu.cpp'을(를) 컴파일하는 중)
      C:\Users\KGA\source\repos\REMAKE-FINAL\REMAKE FINAL 0910\HellowWorld\Animal.h(9,8):
      'Animal::Move' 선언을 참조하십시오.
  
C:\Users\KGA\source\repos\REMAKE-FINAL\REMAKE FINAL 0910\HellowWorld\Animal.h(50,8): error C2086: 'float Animal::Energy': 재정의
  (소스 파일 'WangGu.cpp'을(를) 컴파일하는 중)
  
C:\Users\KGA\source\repos\REMAKE-FINAL\REMAKE FINAL 0910\HellowWorld\WangGu.h(13,10): error C2665: 'Animal::Animal': 모든 인수 형식을 변환할 수 있는 오버로드된 함수가 없습니다.
  (소스 파일 'WangGu.cpp'을(를) 컴파일하는 중)
      C:\Users\KGA\source\repos\REMAKE-FINAL\REMAKE FINAL 0910\HellowWorld\Animal.h(51,1):
      'Animal::Animal(const Animal &)'일 수 있습니다.
          C:\Users\KGA\source\repos\REMAKE-FINAL\REMAKE FINAL 0910\HellowWorld\WangGu.h(13,10):
          'Animal::Animal(const Animal &)': 인수 1을(를) 'std::string'에서 'const Animal &'(으)로 변환할 수 없습니다.
              C:\Users\KGA\source\repos\REMAKE-FINAL\REMAKE FINAL 0910\HellowWorld\WangGu.h(13,11):
              원인: 'std::string'에서 'const Animal'(으)로 변환할 수 없습니다.
              C:\Users\KGA\source\repos\REMAKE-FINAL\REMAKE FINAL 0910\HellowWorld\WangGu.h(13,11):
              이 변환을 수행할 수 있는 사용 가능한 사용자 정의 변환 연산자가 없거나 연산자를 호출할 수 없습니다.
      C:\Users\KGA\source\repos\REMAKE-FINAL\REMAKE FINAL 0910\HellowWorld\Animal.h(23,5):
      또는       'Animal::Animal(const char *)'
          C:\Users\KGA\source\repos\REMAKE-FINAL\REMAKE FINAL 0910\HellowWorld\WangGu.h(13,10):
          'Animal::Animal(const char *)': 인수 1을(를) 'std::string'에서 'const char *'(으)로 변환할 수 없습니다.
              C:\Users\KGA\source\repos\REMAKE-FINAL\REMAKE FINAL 0910\HellowWorld\WangGu.h(13,11):
              이 변환을 수행할 수 있는 사용 가능한 사용자 정의 변환 연산자가 없거나 연산자를 호출할 수 없습니다.
      C:\Users\KGA\source\repos\REMAKE-FINAL\REMAKE FINAL 0910\HellowWorld\WangGu.h(13,10):
      인수 목록 '(std::string)'을(를) 일치시키는 동안
  
C:\Users\KGA\source\repos\REMAKE-FINAL\REMAKE FINAL 0910\HellowWorld\WangGu.cpp(3,15): error C2017: 이스케이프 시퀀스가 잘못되었습니다.
C:\Users\KGA\source\repos\REMAKE-FINAL\REMAKE FINAL 0910\HellowWorld\WangGu.cpp(3,6): error C2653: 'fuck': 클래스 또는 네임스페이스 이름이 아닙니다.
C:\Users\KGA\source\repos\REMAKE-FINAL\REMAKE FINAL 0910\HellowWorld\WangGu.cpp(5,21): error C2065: 'name': 선언되지 않은 식별자입니다.
  코드를 생성하고 있습니다...
